<?xml version="1.0" encoding="UTF-8"?>
<testng-results ignored="0" total="2" passed="2" failed="0" skipped="0">
  <reporter-output>
  </reporter-output>
  <suite started-at="2022-02-17T05:39:11Z" name="Default suite" finished-at="2022-02-17T05:39:42Z" duration-ms="30910">
    <groups>
    </groups>
    <test started-at="2022-02-17T05:39:11Z" name="Default test" finished-at="2022-02-17T05:39:42Z" duration-ms="30910">
      <class name="Verify_finacial_inventory.Com_requirment">
        <test-method is-config="true" signature="launchbrowser()[pri:0, instance:Verify_finacial_inventory.Com_requirment@2e48362c]" started-at="2022-02-17T11:09:11Z" name="launchbrowser" finished-at="2022-02-17T11:09:15Z" duration-ms="3851" status="PASS">
          <reporter-output>
          </reporter-output>
        </test-method> <!-- launchbrowser -->
        <test-method signature="Requirments()[pri:0, instance:Verify_finacial_inventory.Com_requirment@2e48362c]" started-at="2022-02-17T11:09:15Z" name="Requirments" finished-at="2022-02-17T11:09:28Z" duration-ms="13263" status="PASS">
          <reporter-output>
          </reporter-output>
        </test-method> <!-- Requirments -->
        <test-method is-config="true" signature="launchbrowser()[pri:0, instance:Verify_finacial_inventory.Com_requirment@2e48362c]" started-at="2022-02-17T11:09:28Z" name="launchbrowser" finished-at="2022-02-17T11:09:29Z" duration-ms="1259" status="PASS">
          <reporter-output>
          </reporter-output>
        </test-method> <!-- launchbrowser -->
        <test-method signature="printbarcode()[pri:1, instance:Verify_finacial_inventory.Com_requirment@2e48362c]" started-at="2022-02-17T11:09:29Z" name="printbarcode" finished-at="2022-02-17T11:09:42Z" duration-ms="12496" status="PASS">
          <reporter-output>
          </reporter-output>
        </test-method> <!-- printbarcode -->
      </class> <!-- Verify_finacial_inventory.Com_requirment -->
    </test> <!-- Default test -->
  </suite> <!-- Default suite -->
</testng-results>
